{"/Users/josetoscano/Documents/Atrato/ci-jest/src/services/example.ts": {"path":"/Users/josetoscano/Documents/Atrato/ci-jest/src/services/example.ts","all":false,"statementMap":{"0":{"start":{"line":1,"column":0},"end":{"line":1,"column":28}},"1":{"start":{"line":2,"column":0},"end":{"line":2,"column":58}},"2":{"start":{"line":3,"column":0},"end":{"line":3,"column":32}},"3":{"start":{"line":4,"column":0},"end":{"line":4,"column":37}},"4":{"start":{"line":5,"column":0},"end":{"line":5,"column":11}},"5":{"start":{"line":6,"column":0},"end":{"line":6,"column":25}},"6":{"start":{"line":7,"column":0},"end":{"line":7,"column":5}},"7":{"start":{"line":8,"column":0},"end":{"line":8,"column":1}}},"s":{"0":1,"1":1,"2":1,"3":1,"4":1,"5":1,"6":1,"7":1},"branchMap":{"0":{"type":"branch","line":1,"loc":{"start":{"line":1,"column":0},"end":{"line":8,"column":1}},"locations":[{"start":{"line":1,"column":0},"end":{"line":8,"column":1}}]},"1":{"type":"branch","line":1,"loc":{"start":{"line":1,"column":0},"end":{"line":8,"column":1}},"locations":[{"start":{"line":1,"column":0},"end":{"line":8,"column":1}}]},"2":{"type":"branch","line":2,"loc":{"start":{"line":2,"column":4},"end":{"line":7,"column":5}},"locations":[{"start":{"line":2,"column":4},"end":{"line":7,"column":5}}]},"3":{"type":"branch","line":3,"loc":{"start":{"line":3,"column":8},"end":{"line":5,"column":11}},"locations":[{"start":{"line":3,"column":8},"end":{"line":5,"column":11}}]},"4":{"type":"branch","line":3,"loc":{"start":{"line":3,"column":26},"end":{"line":5,"column":9}},"locations":[{"start":{"line":3,"column":26},"end":{"line":5,"column":9}}]}},"b":{"0":[1],"1":[1],"2":[1],"3":[1],"4":[1]},"fnMap":{"0":{"name":"ExampleService","decl":{"start":{"line":1,"column":0},"end":{"line":8,"column":1}},"loc":{"start":{"line":1,"column":0},"end":{"line":8,"column":1}},"line":1},"1":{"name":"Object.<anonymous>.ExampleService.delayedConsoleLog","decl":{"start":{"line":2,"column":4},"end":{"line":7,"column":5}},"loc":{"start":{"line":2,"column":4},"end":{"line":7,"column":5}},"line":2}},"f":{"0":1,"1":1}}
}
