TN:
SF:src/models/User.entity.ts
FN:4,UserEntity
FNF:1
FNH:1
FNDA:1,UserEntity
DA:1,1
DA:2,1
DA:3,1
DA:4,1
DA:5,1
DA:6,1
DA:7,1
DA:8,1
DA:9,1
DA:10,1
DA:11,1
DA:12,1
DA:13,1
DA:14,1
DA:15,1
DA:16,1
DA:17,1
DA:18,1
LF:18
LH:18
BRDA:4,0,0,1
BRDA:4,1,0,1
BRF:2
BRH:2
end_of_record
TN:
SF:src/services/example.ts
FN:1,ExampleService
FN:2,Object.<anonymous>.ExampleService.delayedConsoleLog
FNF:2
FNH:2
FNDA:1,ExampleService
FNDA:1,Object.<anonymous>.ExampleService.delayedConsoleLog
DA:1,1
DA:2,1
DA:3,1
DA:4,1
DA:5,1
DA:6,1
DA:7,1
DA:8,1
LF:8
LH:8
BRDA:1,0,0,1
BRDA:1,1,0,1
BRDA:2,2,0,1
BRDA:3,3,0,1
BRDA:3,4,0,1
BRF:5
BRH:5
end_of_record
